mode: set
github.com/moroshma/MiniToolStream/MiniToolStreamIngress/internal/delivery/grpc/handler.go:21.95,26.2 1 1
github.com/moroshma/MiniToolStream/MiniToolStreamIngress/internal/delivery/grpc/handler.go:29.108,37.23 2 1
github.com/moroshma/MiniToolStream/MiniToolStreamIngress/internal/delivery/grpc/handler.go:37.23,45.3 2 1
github.com/moroshma/MiniToolStream/MiniToolStreamIngress/internal/delivery/grpc/handler.go:48.2,49.32 2 1
github.com/moroshma/MiniToolStream/MiniToolStreamIngress/internal/delivery/grpc/handler.go:49.32,51.3 1 1
github.com/moroshma/MiniToolStream/MiniToolStreamIngress/internal/delivery/grpc/handler.go:54.2,54.23 1 1
github.com/moroshma/MiniToolStream/MiniToolStreamIngress/internal/delivery/grpc/handler.go:54.23,56.3 1 1
github.com/moroshma/MiniToolStream/MiniToolStreamIngress/internal/delivery/grpc/handler.go:59.2,66.16 3 1
github.com/moroshma/MiniToolStream/MiniToolStreamIngress/internal/delivery/grpc/handler.go:66.16,77.3 2 1
github.com/moroshma/MiniToolStream/MiniToolStreamIngress/internal/delivery/grpc/handler.go:79.2,91.8 2 1
github.com/moroshma/MiniToolStream/MiniToolStreamIngress/internal/repository/minio/client.go:35.77,36.19 1 1
github.com/moroshma/MiniToolStream/MiniToolStreamIngress/internal/repository/minio/client.go:36.19,38.3 1 1
github.com/moroshma/MiniToolStream/MiniToolStreamIngress/internal/repository/minio/client.go:41.2,45.16 2 0
github.com/moroshma/MiniToolStream/MiniToolStreamIngress/internal/repository/minio/client.go:45.16,47.3 1 0
github.com/moroshma/MiniToolStream/MiniToolStreamIngress/internal/repository/minio/client.go:49.2,56.18 2 0
github.com/moroshma/MiniToolStream/MiniToolStreamIngress/internal/repository/minio/client.go:61.49,67.2 3 1
github.com/moroshma/MiniToolStream/MiniToolStreamIngress/internal/repository/minio/client.go:71.62,76.31 3 0
github.com/moroshma/MiniToolStream/MiniToolStreamIngress/internal/repository/minio/client.go:76.31,79.3 2 0
github.com/moroshma/MiniToolStream/MiniToolStreamIngress/internal/repository/minio/client.go:80.2,84.16 3 0
github.com/moroshma/MiniToolStream/MiniToolStreamIngress/internal/repository/minio/client.go:84.16,90.3 2 0
github.com/moroshma/MiniToolStream/MiniToolStreamIngress/internal/repository/minio/client.go:92.2,92.13 1 0
github.com/moroshma/MiniToolStream/MiniToolStreamIngress/internal/repository/minio/client.go:92.13,98.17 3 0
github.com/moroshma/MiniToolStream/MiniToolStreamIngress/internal/repository/minio/client.go:98.17,104.4 2 0
github.com/moroshma/MiniToolStream/MiniToolStreamIngress/internal/repository/minio/client.go:105.3,107.4 1 0
github.com/moroshma/MiniToolStream/MiniToolStreamIngress/internal/repository/minio/client.go:111.2,115.12 4 0
github.com/moroshma/MiniToolStream/MiniToolStreamIngress/internal/repository/minio/client.go:119.112,120.20 1 1
github.com/moroshma/MiniToolStream/MiniToolStreamIngress/internal/repository/minio/client.go:120.20,123.3 1 1
github.com/moroshma/MiniToolStream/MiniToolStreamIngress/internal/repository/minio/client.go:125.2,135.44 3 0
github.com/moroshma/MiniToolStream/MiniToolStreamIngress/internal/repository/minio/client.go:135.44,137.3 1 0
github.com/moroshma/MiniToolStream/MiniToolStreamIngress/internal/repository/minio/client.go:140.2,144.16 3 0
github.com/moroshma/MiniToolStream/MiniToolStreamIngress/internal/repository/minio/client.go:144.16,151.3 2 0
github.com/moroshma/MiniToolStream/MiniToolStreamIngress/internal/repository/minio/client.go:153.2,158.12 2 0
github.com/moroshma/MiniToolStream/MiniToolStreamIngress/internal/repository/minio/client.go:162.61,165.21 3 1
github.com/moroshma/MiniToolStream/MiniToolStreamIngress/internal/repository/minio/client.go:165.21,167.3 1 1
github.com/moroshma/MiniToolStream/MiniToolStreamIngress/internal/repository/minio/client.go:168.2,168.90 1 1
github.com/moroshma/MiniToolStream/MiniToolStreamIngress/internal/repository/tarantool/client.go:32.77,33.19 1 1
github.com/moroshma/MiniToolStream/MiniToolStreamIngress/internal/repository/tarantool/client.go:33.19,35.3 1 1
github.com/moroshma/MiniToolStream/MiniToolStreamIngress/internal/repository/tarantool/client.go:37.2,53.16 5 0
github.com/moroshma/MiniToolStream/MiniToolStreamIngress/internal/repository/tarantool/client.go:53.16,55.3 1 0
github.com/moroshma/MiniToolStream/MiniToolStreamIngress/internal/repository/tarantool/client.go:57.2,64.18 2 0
github.com/moroshma/MiniToolStream/MiniToolStreamIngress/internal/repository/tarantool/client.go:68.36,72.14 3 1
github.com/moroshma/MiniToolStream/MiniToolStreamIngress/internal/repository/tarantool/client.go:72.14,74.3 1 1
github.com/moroshma/MiniToolStream/MiniToolStreamIngress/internal/repository/tarantool/client.go:76.2,77.23 2 0
github.com/moroshma/MiniToolStream/MiniToolStreamIngress/internal/repository/tarantool/client.go:81.35,85.14 3 1
github.com/moroshma/MiniToolStream/MiniToolStreamIngress/internal/repository/tarantool/client.go:85.14,87.3 1 1
github.com/moroshma/MiniToolStream/MiniToolStreamIngress/internal/repository/tarantool/client.go:89.2,90.12 2 0
github.com/moroshma/MiniToolStream/MiniToolStreamIngress/internal/repository/tarantool/client.go:94.91,98.14 3 1
github.com/moroshma/MiniToolStream/MiniToolStreamIngress/internal/repository/tarantool/client.go:98.14,100.3 1 1
github.com/moroshma/MiniToolStream/MiniToolStreamIngress/internal/repository/tarantool/client.go:103.2,106.16 4 0
github.com/moroshma/MiniToolStream/MiniToolStreamIngress/internal/repository/tarantool/client.go:106.16,108.3 1 0
github.com/moroshma/MiniToolStream/MiniToolStreamIngress/internal/repository/tarantool/client.go:110.2,110.18 1 0
github.com/moroshma/MiniToolStream/MiniToolStreamIngress/internal/repository/tarantool/client.go:115.96,116.19 1 1
github.com/moroshma/MiniToolStream/MiniToolStreamIngress/internal/repository/tarantool/client.go:116.19,118.3 1 1
github.com/moroshma/MiniToolStream/MiniToolStreamIngress/internal/repository/tarantool/client.go:120.2,120.20 1 1
github.com/moroshma/MiniToolStream/MiniToolStreamIngress/internal/repository/tarantool/client.go:120.20,122.3 1 1
github.com/moroshma/MiniToolStream/MiniToolStreamIngress/internal/repository/tarantool/client.go:124.2,134.16 3 1
github.com/moroshma/MiniToolStream/MiniToolStreamIngress/internal/repository/tarantool/client.go:134.16,140.3 2 1
github.com/moroshma/MiniToolStream/MiniToolStreamIngress/internal/repository/tarantool/client.go:143.2,143.20 1 0
github.com/moroshma/MiniToolStream/MiniToolStreamIngress/internal/repository/tarantool/client.go:143.20,145.3 1 0
github.com/moroshma/MiniToolStream/MiniToolStreamIngress/internal/repository/tarantool/client.go:148.2,155.22 3 0
github.com/moroshma/MiniToolStream/MiniToolStreamIngress/internal/repository/tarantool/client.go:159.39,160.25 1 1
github.com/moroshma/MiniToolStream/MiniToolStreamIngress/internal/repository/tarantool/client.go:161.14,162.11 1 1
github.com/moroshma/MiniToolStream/MiniToolStreamIngress/internal/repository/tarantool/client.go:163.13,164.19 1 1
github.com/moroshma/MiniToolStream/MiniToolStreamIngress/internal/repository/tarantool/client.go:165.11,166.19 1 1
github.com/moroshma/MiniToolStream/MiniToolStreamIngress/internal/repository/tarantool/client.go:167.12,168.19 1 1
github.com/moroshma/MiniToolStream/MiniToolStreamIngress/internal/repository/tarantool/client.go:169.13,170.19 1 1
github.com/moroshma/MiniToolStream/MiniToolStreamIngress/internal/repository/tarantool/client.go:171.13,172.19 1 1
github.com/moroshma/MiniToolStream/MiniToolStreamIngress/internal/repository/tarantool/client.go:173.12,174.19 1 1
github.com/moroshma/MiniToolStream/MiniToolStreamIngress/internal/repository/tarantool/client.go:175.13,176.19 1 1
github.com/moroshma/MiniToolStream/MiniToolStreamIngress/internal/repository/tarantool/client.go:177.14,178.19 1 1
github.com/moroshma/MiniToolStream/MiniToolStreamIngress/internal/repository/tarantool/client.go:179.14,180.19 1 1
github.com/moroshma/MiniToolStream/MiniToolStreamIngress/internal/repository/tarantool/client.go:181.15,182.19 1 1
github.com/moroshma/MiniToolStream/MiniToolStreamIngress/internal/repository/tarantool/client.go:183.15,184.19 1 1
github.com/moroshma/MiniToolStream/MiniToolStreamIngress/internal/repository/tarantool/client.go:185.10,186.11 1 1
github.com/moroshma/MiniToolStream/MiniToolStreamIngress/internal/usecase/publish_usecase.go:36.19,42.2 1 1
github.com/moroshma/MiniToolStream/MiniToolStreamIngress/internal/usecase/publish_usecase.go:58.103,59.16 1 1
github.com/moroshma/MiniToolStream/MiniToolStreamIngress/internal/usecase/publish_usecase.go:59.16,61.3 1 1
github.com/moroshma/MiniToolStream/MiniToolStreamIngress/internal/usecase/publish_usecase.go:63.2,63.23 1 1
github.com/moroshma/MiniToolStream/MiniToolStreamIngress/internal/usecase/publish_usecase.go:63.23,65.3 1 1
github.com/moroshma/MiniToolStream/MiniToolStreamIngress/internal/usecase/publish_usecase.go:67.2,74.16 3 1
github.com/moroshma/MiniToolStream/MiniToolStreamIngress/internal/usecase/publish_usecase.go:74.16,80.3 2 1
github.com/moroshma/MiniToolStream/MiniToolStreamIngress/internal/usecase/publish_usecase.go:83.2,86.23 2 1
github.com/moroshma/MiniToolStream/MiniToolStreamIngress/internal/usecase/publish_usecase.go:86.23,88.48 2 1
github.com/moroshma/MiniToolStream/MiniToolStreamIngress/internal/usecase/publish_usecase.go:88.48,90.4 1 1
github.com/moroshma/MiniToolStream/MiniToolStreamIngress/internal/usecase/publish_usecase.go:92.3,93.17 2 1
github.com/moroshma/MiniToolStream/MiniToolStreamIngress/internal/usecase/publish_usecase.go:93.17,101.4 2 1
github.com/moroshma/MiniToolStream/MiniToolStreamIngress/internal/usecase/publish_usecase.go:104.2,113.8 2 1
github.com/moroshma/MiniToolStream/MiniToolStreamIngress/internal/usecase/publish_usecase.go:117.66,119.46 1 1
github.com/moroshma/MiniToolStream/MiniToolStreamIngress/internal/usecase/publish_usecase.go:119.46,121.3 1 1
github.com/moroshma/MiniToolStream/MiniToolStreamIngress/internal/usecase/publish_usecase.go:124.2,124.57 1 1
github.com/moroshma/MiniToolStream/MiniToolStreamIngress/internal/usecase/publish_usecase.go:124.57,126.3 1 1
github.com/moroshma/MiniToolStream/MiniToolStreamIngress/internal/usecase/publish_usecase.go:128.2,128.12 1 1
github.com/moroshma/MiniToolStream/MiniToolStreamIngress/pkg/logger/logger.go:24.39,27.16 2 1
github.com/moroshma/MiniToolStream/MiniToolStreamIngress/pkg/logger/logger.go:27.16,29.3 1 1
github.com/moroshma/MiniToolStream/MiniToolStreamIngress/pkg/logger/logger.go:32.2,38.29 5 1
github.com/moroshma/MiniToolStream/MiniToolStreamIngress/pkg/logger/logger.go:38.29,40.3 1 1
github.com/moroshma/MiniToolStream/MiniToolStreamIngress/pkg/logger/logger.go:40.8,42.3 1 1
github.com/moroshma/MiniToolStream/MiniToolStreamIngress/pkg/logger/logger.go:45.2,46.24 2 1
github.com/moroshma/MiniToolStream/MiniToolStreamIngress/pkg/logger/logger.go:47.20,48.38 1 1
github.com/moroshma/MiniToolStream/MiniToolStreamIngress/pkg/logger/logger.go:49.16,50.38 1 1
github.com/moroshma/MiniToolStream/MiniToolStreamIngress/pkg/logger/logger.go:51.10,53.17 2 1
github.com/moroshma/MiniToolStream/MiniToolStreamIngress/pkg/logger/logger.go:53.17,55.4 1 1
github.com/moroshma/MiniToolStream/MiniToolStreamIngress/pkg/logger/logger.go:56.3,56.33 1 1
github.com/moroshma/MiniToolStream/MiniToolStreamIngress/pkg/logger/logger.go:60.2,65.32 3 1
github.com/moroshma/MiniToolStream/MiniToolStreamIngress/pkg/logger/logger.go:69.67,71.2 1 1
github.com/moroshma/MiniToolStream/MiniToolStreamIngress/pkg/logger/logger.go:74.68,76.27 2 1
github.com/moroshma/MiniToolStream/MiniToolStreamIngress/pkg/logger/logger.go:76.27,78.3 1 1
github.com/moroshma/MiniToolStream/MiniToolStreamIngress/pkg/logger/logger.go:79.2,79.38 1 1
github.com/moroshma/MiniToolStream/MiniToolStreamIngress/pkg/logger/logger.go:83.40,85.2 1 1
github.com/moroshma/MiniToolStream/MiniToolStreamIngress/pkg/logger/logger.go:87.47,89.2 1 1
github.com/moroshma/MiniToolStream/MiniToolStreamIngress/pkg/logger/logger.go:91.41,93.2 1 1
github.com/moroshma/MiniToolStream/MiniToolStreamIngress/pkg/logger/logger.go:95.43,97.2 1 1
github.com/moroshma/MiniToolStream/MiniToolStreamIngress/pkg/logger/logger.go:99.33,101.2 1 1
github.com/moroshma/MiniToolStream/MiniToolStreamIngress/pkg/logger/logger.go:103.49,105.2 1 1
github.com/moroshma/MiniToolStream/MiniToolStreamIngress/internal/config/config.go:67.47,72.22 3 1
github.com/moroshma/MiniToolStream/MiniToolStreamIngress/internal/config/config.go:72.22,73.55 1 1
github.com/moroshma/MiniToolStream/MiniToolStreamIngress/internal/config/config.go:73.55,75.4 1 1
github.com/moroshma/MiniToolStream/MiniToolStreamIngress/internal/config/config.go:76.3,76.20 1 1
github.com/moroshma/MiniToolStream/MiniToolStreamIngress/internal/config/config.go:80.2,83.51 2 1
github.com/moroshma/MiniToolStream/MiniToolStreamIngress/internal/config/config.go:83.51,85.3 1 0
github.com/moroshma/MiniToolStream/MiniToolStreamIngress/internal/config/config.go:89.2,89.52 1 1
github.com/moroshma/MiniToolStream/MiniToolStreamIngress/internal/config/config.go:89.52,91.3 1 1
github.com/moroshma/MiniToolStream/MiniToolStreamIngress/internal/config/config.go:94.2,94.39 1 1
github.com/moroshma/MiniToolStream/MiniToolStreamIngress/internal/config/config.go:94.39,96.3 1 0
github.com/moroshma/MiniToolStream/MiniToolStreamIngress/internal/config/config.go:98.2,98.17 1 1
github.com/moroshma/MiniToolStream/MiniToolStreamIngress/internal/config/config.go:102.51,104.16 2 1
github.com/moroshma/MiniToolStream/MiniToolStreamIngress/internal/config/config.go:104.16,106.3 1 1
github.com/moroshma/MiniToolStream/MiniToolStreamIngress/internal/config/config.go:107.2,112.44 4 1
github.com/moroshma/MiniToolStream/MiniToolStreamIngress/internal/config/config.go:112.44,114.3 1 1
github.com/moroshma/MiniToolStream/MiniToolStreamIngress/internal/config/config.go:116.2,116.12 1 1
github.com/moroshma/MiniToolStream/MiniToolStreamIngress/internal/config/config.go:120.35,121.49 1 1
github.com/moroshma/MiniToolStream/MiniToolStreamIngress/internal/config/config.go:121.49,123.3 1 1
github.com/moroshma/MiniToolStream/MiniToolStreamIngress/internal/config/config.go:125.2,125.31 1 1
github.com/moroshma/MiniToolStream/MiniToolStreamIngress/internal/config/config.go:125.31,127.3 1 1
github.com/moroshma/MiniToolStream/MiniToolStreamIngress/internal/config/config.go:129.2,129.28 1 1
github.com/moroshma/MiniToolStream/MiniToolStreamIngress/internal/config/config.go:129.28,131.3 1 1
github.com/moroshma/MiniToolStream/MiniToolStreamIngress/internal/config/config.go:133.2,133.30 1 1
github.com/moroshma/MiniToolStream/MiniToolStreamIngress/internal/config/config.go:133.30,135.3 1 1
github.com/moroshma/MiniToolStream/MiniToolStreamIngress/internal/config/config.go:137.2,137.46 1 1
github.com/moroshma/MiniToolStream/MiniToolStreamIngress/internal/config/config.go:137.46,139.3 1 1
github.com/moroshma/MiniToolStream/MiniToolStreamIngress/internal/config/config.go:141.2,141.12 1 1
github.com/moroshma/MiniToolStream/MiniToolStreamIngress/internal/config/config.go:145.55,146.19 1 1
github.com/moroshma/MiniToolStream/MiniToolStreamIngress/internal/config/config.go:146.19,148.3 1 1
github.com/moroshma/MiniToolStream/MiniToolStreamIngress/internal/config/config.go:150.2,150.23 1 1
github.com/moroshma/MiniToolStream/MiniToolStreamIngress/internal/config/config.go:150.23,152.17 2 1
github.com/moroshma/MiniToolStream/MiniToolStreamIngress/internal/config/config.go:152.17,154.4 1 1
github.com/moroshma/MiniToolStream/MiniToolStreamIngress/internal/config/config.go:155.3,155.28 1 1
github.com/moroshma/MiniToolStream/MiniToolStreamIngress/internal/config/config.go:158.2,158.53 1 1
github.com/moroshma/MiniToolStream/MiniToolStreamIngress/internal/config/vault.go:17.61,18.18 1 1
github.com/moroshma/MiniToolStream/MiniToolStreamIngress/internal/config/vault.go:18.18,20.3 1 1
github.com/moroshma/MiniToolStream/MiniToolStreamIngress/internal/config/vault.go:22.2,26.16 4 1
github.com/moroshma/MiniToolStream/MiniToolStreamIngress/internal/config/vault.go:26.16,28.3 1 0
github.com/moroshma/MiniToolStream/MiniToolStreamIngress/internal/config/vault.go:31.2,32.16 2 1
github.com/moroshma/MiniToolStream/MiniToolStreamIngress/internal/config/vault.go:32.16,34.3 1 1
github.com/moroshma/MiniToolStream/MiniToolStreamIngress/internal/config/vault.go:35.2,38.25 2 0
github.com/moroshma/MiniToolStream/MiniToolStreamIngress/internal/config/vault.go:38.25,40.3 1 0
github.com/moroshma/MiniToolStream/MiniToolStreamIngress/internal/config/vault.go:42.2,45.8 1 0
github.com/moroshma/MiniToolStream/MiniToolStreamIngress/internal/config/vault.go:49.100,50.15 1 1
github.com/moroshma/MiniToolStream/MiniToolStreamIngress/internal/config/vault.go:50.15,52.3 1 1
github.com/moroshma/MiniToolStream/MiniToolStreamIngress/internal/config/vault.go:54.2,55.16 2 0
github.com/moroshma/MiniToolStream/MiniToolStreamIngress/internal/config/vault.go:55.16,57.3 1 0
github.com/moroshma/MiniToolStream/MiniToolStreamIngress/internal/config/vault.go:59.2,59.41 1 0
github.com/moroshma/MiniToolStream/MiniToolStreamIngress/internal/config/vault.go:59.41,61.3 1 0
github.com/moroshma/MiniToolStream/MiniToolStreamIngress/internal/config/vault.go:63.2,63.25 1 0
github.com/moroshma/MiniToolStream/MiniToolStreamIngress/internal/config/vault.go:67.90,68.24 1 1
github.com/moroshma/MiniToolStream/MiniToolStreamIngress/internal/config/vault.go:68.24,70.3 1 1
github.com/moroshma/MiniToolStream/MiniToolStreamIngress/internal/config/vault.go:73.2,73.35 1 0
github.com/moroshma/MiniToolStream/MiniToolStreamIngress/internal/config/vault.go:73.35,75.17 2 0
github.com/moroshma/MiniToolStream/MiniToolStreamIngress/internal/config/vault.go:75.17,77.4 1 0
github.com/moroshma/MiniToolStream/MiniToolStreamIngress/internal/config/vault.go:79.3,79.46 1 0
github.com/moroshma/MiniToolStream/MiniToolStreamIngress/internal/config/vault.go:79.46,81.4 1 0
github.com/moroshma/MiniToolStream/MiniToolStreamIngress/internal/config/vault.go:82.3,82.54 1 0
github.com/moroshma/MiniToolStream/MiniToolStreamIngress/internal/config/vault.go:82.54,84.4 1 0
github.com/moroshma/MiniToolStream/MiniToolStreamIngress/internal/config/vault.go:88.2,88.31 1 0
github.com/moroshma/MiniToolStream/MiniToolStreamIngress/internal/config/vault.go:88.31,90.17 2 0
github.com/moroshma/MiniToolStream/MiniToolStreamIngress/internal/config/vault.go:90.17,92.4 1 0
github.com/moroshma/MiniToolStream/MiniToolStreamIngress/internal/config/vault.go:94.3,94.60 1 0
github.com/moroshma/MiniToolStream/MiniToolStreamIngress/internal/config/vault.go:94.60,96.4 1 0
github.com/moroshma/MiniToolStream/MiniToolStreamIngress/internal/config/vault.go:97.3,97.64 1 0
github.com/moroshma/MiniToolStream/MiniToolStreamIngress/internal/config/vault.go:97.64,99.4 1 0
github.com/moroshma/MiniToolStream/MiniToolStreamIngress/internal/config/vault.go:102.2,102.12 1 0
