mode: set
github.com/moroshma/MiniToolStream/MiniToolStreamEgress/internal/config/config.go:68.47,73.22 3 1
github.com/moroshma/MiniToolStream/MiniToolStreamEgress/internal/config/config.go:73.22,74.55 1 1
github.com/moroshma/MiniToolStream/MiniToolStreamEgress/internal/config/config.go:74.55,76.4 1 1
github.com/moroshma/MiniToolStream/MiniToolStreamEgress/internal/config/config.go:77.3,77.20 1 1
github.com/moroshma/MiniToolStream/MiniToolStreamEgress/internal/config/config.go:81.2,84.51 2 1
github.com/moroshma/MiniToolStream/MiniToolStreamEgress/internal/config/config.go:84.51,86.3 1 0
github.com/moroshma/MiniToolStream/MiniToolStreamEgress/internal/config/config.go:90.2,90.52 1 1
github.com/moroshma/MiniToolStream/MiniToolStreamEgress/internal/config/config.go:90.52,92.3 1 1
github.com/moroshma/MiniToolStream/MiniToolStreamEgress/internal/config/config.go:95.2,95.39 1 1
github.com/moroshma/MiniToolStream/MiniToolStreamEgress/internal/config/config.go:95.39,97.3 1 0
github.com/moroshma/MiniToolStream/MiniToolStreamEgress/internal/config/config.go:99.2,99.17 1 1
github.com/moroshma/MiniToolStream/MiniToolStreamEgress/internal/config/config.go:103.51,105.16 2 1
github.com/moroshma/MiniToolStream/MiniToolStreamEgress/internal/config/config.go:105.16,107.3 1 1
github.com/moroshma/MiniToolStream/MiniToolStreamEgress/internal/config/config.go:108.2,113.44 4 1
github.com/moroshma/MiniToolStream/MiniToolStreamEgress/internal/config/config.go:113.44,115.3 1 1
github.com/moroshma/MiniToolStream/MiniToolStreamEgress/internal/config/config.go:117.2,117.12 1 1
github.com/moroshma/MiniToolStream/MiniToolStreamEgress/internal/config/config.go:121.35,122.49 1 1
github.com/moroshma/MiniToolStream/MiniToolStreamEgress/internal/config/config.go:122.49,124.3 1 1
github.com/moroshma/MiniToolStream/MiniToolStreamEgress/internal/config/config.go:126.2,126.31 1 1
github.com/moroshma/MiniToolStream/MiniToolStreamEgress/internal/config/config.go:126.31,128.3 1 1
github.com/moroshma/MiniToolStream/MiniToolStreamEgress/internal/config/config.go:130.2,130.28 1 1
github.com/moroshma/MiniToolStream/MiniToolStreamEgress/internal/config/config.go:130.28,132.3 1 1
github.com/moroshma/MiniToolStream/MiniToolStreamEgress/internal/config/config.go:134.2,134.30 1 1
github.com/moroshma/MiniToolStream/MiniToolStreamEgress/internal/config/config.go:134.30,136.3 1 1
github.com/moroshma/MiniToolStream/MiniToolStreamEgress/internal/config/config.go:138.2,138.46 1 1
github.com/moroshma/MiniToolStream/MiniToolStreamEgress/internal/config/config.go:138.46,140.3 1 1
github.com/moroshma/MiniToolStream/MiniToolStreamEgress/internal/config/config.go:142.2,142.12 1 1
github.com/moroshma/MiniToolStream/MiniToolStreamEgress/internal/config/config.go:146.55,147.19 1 1
github.com/moroshma/MiniToolStream/MiniToolStreamEgress/internal/config/config.go:147.19,149.3 1 1
github.com/moroshma/MiniToolStream/MiniToolStreamEgress/internal/config/config.go:151.2,151.23 1 1
github.com/moroshma/MiniToolStream/MiniToolStreamEgress/internal/config/config.go:151.23,153.17 2 1
github.com/moroshma/MiniToolStream/MiniToolStreamEgress/internal/config/config.go:153.17,155.4 1 1
github.com/moroshma/MiniToolStream/MiniToolStreamEgress/internal/config/config.go:156.3,156.28 1 1
github.com/moroshma/MiniToolStream/MiniToolStreamEgress/internal/config/config.go:159.2,159.53 1 1
github.com/moroshma/MiniToolStream/MiniToolStreamEgress/internal/config/vault.go:17.61,18.18 1 1
github.com/moroshma/MiniToolStream/MiniToolStreamEgress/internal/config/vault.go:18.18,20.3 1 1
github.com/moroshma/MiniToolStream/MiniToolStreamEgress/internal/config/vault.go:22.2,26.16 4 1
github.com/moroshma/MiniToolStream/MiniToolStreamEgress/internal/config/vault.go:26.16,28.3 1 0
github.com/moroshma/MiniToolStream/MiniToolStreamEgress/internal/config/vault.go:31.2,32.16 2 1
github.com/moroshma/MiniToolStream/MiniToolStreamEgress/internal/config/vault.go:32.16,34.3 1 1
github.com/moroshma/MiniToolStream/MiniToolStreamEgress/internal/config/vault.go:35.2,38.25 2 0
github.com/moroshma/MiniToolStream/MiniToolStreamEgress/internal/config/vault.go:38.25,40.3 1 0
github.com/moroshma/MiniToolStream/MiniToolStreamEgress/internal/config/vault.go:42.2,45.8 1 0
github.com/moroshma/MiniToolStream/MiniToolStreamEgress/internal/config/vault.go:49.100,50.15 1 1
github.com/moroshma/MiniToolStream/MiniToolStreamEgress/internal/config/vault.go:50.15,52.3 1 1
github.com/moroshma/MiniToolStream/MiniToolStreamEgress/internal/config/vault.go:54.2,55.16 2 0
github.com/moroshma/MiniToolStream/MiniToolStreamEgress/internal/config/vault.go:55.16,57.3 1 0
github.com/moroshma/MiniToolStream/MiniToolStreamEgress/internal/config/vault.go:59.2,59.41 1 0
github.com/moroshma/MiniToolStream/MiniToolStreamEgress/internal/config/vault.go:59.41,61.3 1 0
github.com/moroshma/MiniToolStream/MiniToolStreamEgress/internal/config/vault.go:63.2,63.25 1 0
github.com/moroshma/MiniToolStream/MiniToolStreamEgress/internal/config/vault.go:67.90,68.24 1 1
github.com/moroshma/MiniToolStream/MiniToolStreamEgress/internal/config/vault.go:68.24,70.3 1 1
github.com/moroshma/MiniToolStream/MiniToolStreamEgress/internal/config/vault.go:73.2,73.35 1 0
github.com/moroshma/MiniToolStream/MiniToolStreamEgress/internal/config/vault.go:73.35,75.17 2 0
github.com/moroshma/MiniToolStream/MiniToolStreamEgress/internal/config/vault.go:75.17,77.4 1 0
github.com/moroshma/MiniToolStream/MiniToolStreamEgress/internal/config/vault.go:79.3,79.46 1 0
github.com/moroshma/MiniToolStream/MiniToolStreamEgress/internal/config/vault.go:79.46,81.4 1 0
github.com/moroshma/MiniToolStream/MiniToolStreamEgress/internal/config/vault.go:82.3,82.54 1 0
github.com/moroshma/MiniToolStream/MiniToolStreamEgress/internal/config/vault.go:82.54,84.4 1 0
github.com/moroshma/MiniToolStream/MiniToolStreamEgress/internal/config/vault.go:88.2,88.31 1 0
github.com/moroshma/MiniToolStream/MiniToolStreamEgress/internal/config/vault.go:88.31,90.17 2 0
github.com/moroshma/MiniToolStream/MiniToolStreamEgress/internal/config/vault.go:90.17,92.4 1 0
github.com/moroshma/MiniToolStream/MiniToolStreamEgress/internal/config/vault.go:94.3,94.60 1 0
github.com/moroshma/MiniToolStream/MiniToolStreamEgress/internal/config/vault.go:94.60,96.4 1 0
github.com/moroshma/MiniToolStream/MiniToolStreamEgress/internal/config/vault.go:97.3,97.64 1 0
github.com/moroshma/MiniToolStream/MiniToolStreamEgress/internal/config/vault.go:97.64,99.4 1 0
github.com/moroshma/MiniToolStream/MiniToolStreamEgress/internal/config/vault.go:102.2,102.12 1 0
github.com/moroshma/MiniToolStream/MiniToolStreamEgress/internal/repository/minio/repository.go:32.77,33.16 1 0
github.com/moroshma/MiniToolStream/MiniToolStreamEgress/internal/repository/minio/repository.go:33.16,35.3 1 0
github.com/moroshma/MiniToolStream/MiniToolStreamEgress/internal/repository/minio/repository.go:38.2,42.16 2 0
github.com/moroshma/MiniToolStream/MiniToolStreamEgress/internal/repository/minio/repository.go:42.16,44.3 1 0
github.com/moroshma/MiniToolStream/MiniToolStreamEgress/internal/repository/minio/repository.go:46.2,52.18 2 0
github.com/moroshma/MiniToolStream/MiniToolStreamEgress/internal/repository/minio/repository.go:56.49,60.2 3 0
github.com/moroshma/MiniToolStream/MiniToolStreamEgress/internal/repository/minio/repository.go:63.104,73.16 4 0
github.com/moroshma/MiniToolStream/MiniToolStreamEgress/internal/repository/minio/repository.go:73.16,75.3 1 0
github.com/moroshma/MiniToolStream/MiniToolStreamEgress/internal/repository/minio/repository.go:76.2,80.16 3 0
github.com/moroshma/MiniToolStream/MiniToolStreamEgress/internal/repository/minio/repository.go:80.16,82.3 1 0
github.com/moroshma/MiniToolStream/MiniToolStreamEgress/internal/repository/minio/repository.go:84.2,90.18 2 0
github.com/moroshma/MiniToolStream/MiniToolStreamEgress/internal/repository/minio/repository.go:94.77,97.21 3 0
github.com/moroshma/MiniToolStream/MiniToolStreamEgress/internal/repository/minio/repository.go:97.21,99.3 1 0
github.com/moroshma/MiniToolStream/MiniToolStreamEgress/internal/repository/minio/repository.go:100.2,100.90 1 0
github.com/moroshma/MiniToolStream/MiniToolStreamEgress/internal/minio/client.go:28.49,29.19 1 0
github.com/moroshma/MiniToolStream/MiniToolStreamEgress/internal/minio/client.go:29.19,31.3 1 0
github.com/moroshma/MiniToolStream/MiniToolStreamEgress/internal/minio/client.go:34.2,38.16 2 0
github.com/moroshma/MiniToolStream/MiniToolStreamEgress/internal/minio/client.go:38.16,40.3 1 0
github.com/moroshma/MiniToolStream/MiniToolStreamEgress/internal/minio/client.go:42.2,47.20 2 0
github.com/moroshma/MiniToolStream/MiniToolStreamEgress/internal/minio/client.go:52.49,58.2 3 0
github.com/moroshma/MiniToolStream/MiniToolStreamEgress/internal/minio/client.go:61.100,66.16 3 0
github.com/moroshma/MiniToolStream/MiniToolStreamEgress/internal/minio/client.go:66.16,68.3 1 0
github.com/moroshma/MiniToolStream/MiniToolStreamEgress/internal/minio/client.go:69.2,73.16 3 0
github.com/moroshma/MiniToolStream/MiniToolStreamEgress/internal/minio/client.go:73.16,75.3 1 0
github.com/moroshma/MiniToolStream/MiniToolStreamEgress/internal/minio/client.go:77.2,77.18 1 0
github.com/moroshma/MiniToolStream/MiniToolStreamEgress/internal/minio/client.go:81.115,85.16 3 0
github.com/moroshma/MiniToolStream/MiniToolStreamEgress/internal/minio/client.go:85.16,87.3 1 0
github.com/moroshma/MiniToolStream/MiniToolStreamEgress/internal/minio/client.go:89.2,89.19 1 0
github.com/moroshma/MiniToolStream/MiniToolStreamEgress/internal/minio/client.go:93.73,96.21 3 0
github.com/moroshma/MiniToolStream/MiniToolStreamEgress/internal/minio/client.go:96.21,98.3 1 0
github.com/moroshma/MiniToolStream/MiniToolStreamEgress/internal/minio/client.go:99.2,99.90 1 0
github.com/moroshma/MiniToolStream/MiniToolStreamEgress/internal/server/server.go:24.98,30.2 1 0
github.com/moroshma/MiniToolStream/MiniToolStreamEgress/internal/server/server.go:34.107,38.23 2 0
github.com/moroshma/MiniToolStream/MiniToolStreamEgress/internal/server/server.go:38.23,40.3 1 0
github.com/moroshma/MiniToolStream/MiniToolStreamEgress/internal/server/server.go:42.2,42.27 1 0
github.com/moroshma/MiniToolStream/MiniToolStreamEgress/internal/server/server.go:42.27,44.3 1 0
github.com/moroshma/MiniToolStream/MiniToolStreamEgress/internal/server/server.go:47.2,48.16 2 0
github.com/moroshma/MiniToolStream/MiniToolStreamEgress/internal/server/server.go:48.16,50.3 1 0
github.com/moroshma/MiniToolStream/MiniToolStreamEgress/internal/server/server.go:53.2,53.67 1 0
github.com/moroshma/MiniToolStream/MiniToolStreamEgress/internal/server/server.go:53.67,55.3 1 0
github.com/moroshma/MiniToolStream/MiniToolStreamEgress/internal/server/server.go:57.2,65.16 5 0
github.com/moroshma/MiniToolStream/MiniToolStreamEgress/internal/server/server.go:65.16,67.3 1 0
github.com/moroshma/MiniToolStream/MiniToolStreamEgress/internal/server/server.go:69.2,69.30 1 0
github.com/moroshma/MiniToolStream/MiniToolStreamEgress/internal/server/server.go:69.30,74.17 2 0
github.com/moroshma/MiniToolStream/MiniToolStreamEgress/internal/server/server.go:74.17,76.4 1 0
github.com/moroshma/MiniToolStream/MiniToolStreamEgress/internal/server/server.go:77.3,77.27 1 0
github.com/moroshma/MiniToolStream/MiniToolStreamEgress/internal/server/server.go:81.2,81.6 1 0
github.com/moroshma/MiniToolStream/MiniToolStreamEgress/internal/server/server.go:81.6,82.10 1 0
github.com/moroshma/MiniToolStream/MiniToolStreamEgress/internal/server/server.go:83.34,85.14 2 0
github.com/moroshma/MiniToolStream/MiniToolStreamEgress/internal/server/server.go:86.19,89.18 2 0
github.com/moroshma/MiniToolStream/MiniToolStreamEgress/internal/server/server.go:89.18,91.13 2 0
github.com/moroshma/MiniToolStream/MiniToolStreamEgress/internal/server/server.go:94.4,94.32 1 0
github.com/moroshma/MiniToolStream/MiniToolStreamEgress/internal/server/server.go:94.32,100.19 2 0
github.com/moroshma/MiniToolStream/MiniToolStreamEgress/internal/server/server.go:100.19,102.6 1 0
github.com/moroshma/MiniToolStream/MiniToolStreamEgress/internal/server/server.go:103.5,104.29 2 0
github.com/moroshma/MiniToolStream/MiniToolStreamEgress/internal/server/server.go:112.95,116.23 2 0
github.com/moroshma/MiniToolStream/MiniToolStreamEgress/internal/server/server.go:116.23,118.3 1 0
github.com/moroshma/MiniToolStream/MiniToolStreamEgress/internal/server/server.go:120.2,120.27 1 0
github.com/moroshma/MiniToolStream/MiniToolStreamEgress/internal/server/server.go:120.27,122.3 1 0
github.com/moroshma/MiniToolStream/MiniToolStreamEgress/internal/server/server.go:124.2,124.24 1 0
github.com/moroshma/MiniToolStream/MiniToolStreamEgress/internal/server/server.go:124.24,126.3 1 0
github.com/moroshma/MiniToolStream/MiniToolStreamEgress/internal/server/server.go:129.2,130.16 2 0
github.com/moroshma/MiniToolStream/MiniToolStreamEgress/internal/server/server.go:130.16,132.3 1 0
github.com/moroshma/MiniToolStream/MiniToolStreamEgress/internal/server/server.go:134.2,138.16 3 0
github.com/moroshma/MiniToolStream/MiniToolStreamEgress/internal/server/server.go:138.16,140.3 1 0
github.com/moroshma/MiniToolStream/MiniToolStreamEgress/internal/server/server.go:142.2,145.31 2 0
github.com/moroshma/MiniToolStream/MiniToolStreamEgress/internal/server/server.go:145.31,148.27 2 0
github.com/moroshma/MiniToolStream/MiniToolStreamEgress/internal/server/server.go:148.27,150.18 2 0
github.com/moroshma/MiniToolStream/MiniToolStreamEgress/internal/server/server.go:150.18,154.5 2 0
github.com/moroshma/MiniToolStream/MiniToolStreamEgress/internal/server/server.go:158.3,168.17 3 0
github.com/moroshma/MiniToolStream/MiniToolStreamEgress/internal/server/server.go:168.17,170.4 1 0
github.com/moroshma/MiniToolStream/MiniToolStreamEgress/internal/server/server.go:173.3,174.17 2 0
github.com/moroshma/MiniToolStream/MiniToolStreamEgress/internal/server/server.go:174.17,176.4 1 0
github.com/moroshma/MiniToolStream/MiniToolStreamEgress/internal/server/server.go:178.3,178.87 1 0
github.com/moroshma/MiniToolStream/MiniToolStreamEgress/internal/server/server.go:181.2,181.12 1 0
github.com/moroshma/MiniToolStream/MiniToolStreamEgress/internal/server/server.go:186.130,189.23 2 0
github.com/moroshma/MiniToolStream/MiniToolStreamEgress/internal/server/server.go:189.23,191.3 1 0
github.com/moroshma/MiniToolStream/MiniToolStreamEgress/internal/server/server.go:194.2,195.16 2 0
github.com/moroshma/MiniToolStream/MiniToolStreamEgress/internal/server/server.go:195.16,197.3 1 0
github.com/moroshma/MiniToolStream/MiniToolStreamEgress/internal/server/server.go:199.2,203.8 2 0
github.com/moroshma/MiniToolStream/MiniToolStreamEgress/internal/tarantool/client.go:38.49,39.19 1 0
github.com/moroshma/MiniToolStream/MiniToolStreamEgress/internal/tarantool/client.go:39.19,41.3 1 0
github.com/moroshma/MiniToolStream/MiniToolStreamEgress/internal/tarantool/client.go:43.2,59.16 5 0
github.com/moroshma/MiniToolStream/MiniToolStreamEgress/internal/tarantool/client.go:59.16,61.3 1 0
github.com/moroshma/MiniToolStream/MiniToolStreamEgress/internal/tarantool/client.go:63.2,69.20 2 0
github.com/moroshma/MiniToolStream/MiniToolStreamEgress/internal/tarantool/client.go:73.32,77.14 3 0
github.com/moroshma/MiniToolStream/MiniToolStreamEgress/internal/tarantool/client.go:77.14,79.3 1 0
github.com/moroshma/MiniToolStream/MiniToolStreamEgress/internal/tarantool/client.go:81.2,82.23 2 0
github.com/moroshma/MiniToolStream/MiniToolStreamEgress/internal/tarantool/client.go:86.31,90.14 3 0
github.com/moroshma/MiniToolStream/MiniToolStreamEgress/internal/tarantool/client.go:90.14,92.3 1 0
github.com/moroshma/MiniToolStream/MiniToolStreamEgress/internal/tarantool/client.go:94.2,95.12 2 0
github.com/moroshma/MiniToolStream/MiniToolStreamEgress/internal/tarantool/client.go:99.87,103.14 3 0
github.com/moroshma/MiniToolStream/MiniToolStreamEgress/internal/tarantool/client.go:103.14,105.3 1 0
github.com/moroshma/MiniToolStream/MiniToolStreamEgress/internal/tarantool/client.go:108.2,111.16 4 0
github.com/moroshma/MiniToolStream/MiniToolStreamEgress/internal/tarantool/client.go:111.16,113.3 1 0
github.com/moroshma/MiniToolStream/MiniToolStreamEgress/internal/tarantool/client.go:115.2,115.18 1 0
github.com/moroshma/MiniToolStream/MiniToolStreamEgress/internal/tarantool/client.go:119.83,121.16 2 0
github.com/moroshma/MiniToolStream/MiniToolStreamEgress/internal/tarantool/client.go:121.16,123.3 1 0
github.com/moroshma/MiniToolStream/MiniToolStreamEgress/internal/tarantool/client.go:125.2,125.20 1 0
github.com/moroshma/MiniToolStream/MiniToolStreamEgress/internal/tarantool/client.go:125.20,127.3 1 0
github.com/moroshma/MiniToolStream/MiniToolStreamEgress/internal/tarantool/client.go:129.2,129.31 1 0
github.com/moroshma/MiniToolStream/MiniToolStreamEgress/internal/tarantool/client.go:133.97,135.16 2 0
github.com/moroshma/MiniToolStream/MiniToolStreamEgress/internal/tarantool/client.go:135.16,137.3 1 0
github.com/moroshma/MiniToolStream/MiniToolStreamEgress/internal/tarantool/client.go:138.2,138.12 1 0
github.com/moroshma/MiniToolStream/MiniToolStreamEgress/internal/tarantool/client.go:142.78,144.16 2 0
github.com/moroshma/MiniToolStream/MiniToolStreamEgress/internal/tarantool/client.go:144.16,146.3 1 0
github.com/moroshma/MiniToolStream/MiniToolStreamEgress/internal/tarantool/client.go:148.2,148.20 1 0
github.com/moroshma/MiniToolStream/MiniToolStreamEgress/internal/tarantool/client.go:148.20,150.3 1 0
github.com/moroshma/MiniToolStream/MiniToolStreamEgress/internal/tarantool/client.go:152.2,152.31 1 0
github.com/moroshma/MiniToolStream/MiniToolStreamEgress/internal/tarantool/client.go:156.107,158.16 2 0
github.com/moroshma/MiniToolStream/MiniToolStreamEgress/internal/tarantool/client.go:158.16,160.3 1 0
github.com/moroshma/MiniToolStream/MiniToolStreamEgress/internal/tarantool/client.go:162.2,162.20 1 0
github.com/moroshma/MiniToolStream/MiniToolStreamEgress/internal/tarantool/client.go:162.20,164.3 1 0
github.com/moroshma/MiniToolStream/MiniToolStreamEgress/internal/tarantool/client.go:167.2,168.9 2 0
github.com/moroshma/MiniToolStream/MiniToolStreamEgress/internal/tarantool/client.go:168.9,170.3 1 0
github.com/moroshma/MiniToolStream/MiniToolStreamEgress/internal/tarantool/client.go:172.2,173.34 2 0
github.com/moroshma/MiniToolStream/MiniToolStreamEgress/internal/tarantool/client.go:173.34,175.28 2 0
github.com/moroshma/MiniToolStream/MiniToolStreamEgress/internal/tarantool/client.go:175.28,176.12 1 0
github.com/moroshma/MiniToolStream/MiniToolStreamEgress/internal/tarantool/client.go:180.3,181.67 2 0
github.com/moroshma/MiniToolStream/MiniToolStreamEgress/internal/tarantool/client.go:181.67,182.33 1 0
github.com/moroshma/MiniToolStream/MiniToolStreamEgress/internal/tarantool/client.go:182.33,183.37 1 0
github.com/moroshma/MiniToolStream/MiniToolStreamEgress/internal/tarantool/client.go:183.37,184.38 1 0
github.com/moroshma/MiniToolStream/MiniToolStreamEgress/internal/tarantool/client.go:184.38,186.7 1 0
github.com/moroshma/MiniToolStream/MiniToolStreamEgress/internal/tarantool/client.go:191.3,198.35 2 0
github.com/moroshma/MiniToolStream/MiniToolStreamEgress/internal/tarantool/client.go:201.2,201.22 1 0
github.com/moroshma/MiniToolStream/MiniToolStreamEgress/internal/tarantool/client.go:205.74,207.16 2 0
github.com/moroshma/MiniToolStream/MiniToolStreamEgress/internal/tarantool/client.go:207.16,209.3 1 0
github.com/moroshma/MiniToolStream/MiniToolStreamEgress/internal/tarantool/client.go:211.2,211.20 1 0
github.com/moroshma/MiniToolStream/MiniToolStreamEgress/internal/tarantool/client.go:211.20,213.3 1 0
github.com/moroshma/MiniToolStream/MiniToolStreamEgress/internal/tarantool/client.go:216.2,217.9 2 0
github.com/moroshma/MiniToolStream/MiniToolStreamEgress/internal/tarantool/client.go:217.9,219.3 1 0
github.com/moroshma/MiniToolStream/MiniToolStreamEgress/internal/tarantool/client.go:222.2,223.75 2 0
github.com/moroshma/MiniToolStream/MiniToolStreamEgress/internal/tarantool/client.go:223.75,224.32 1 0
github.com/moroshma/MiniToolStream/MiniToolStreamEgress/internal/tarantool/client.go:224.32,225.36 1 0
github.com/moroshma/MiniToolStream/MiniToolStreamEgress/internal/tarantool/client.go:225.36,226.37 1 0
github.com/moroshma/MiniToolStream/MiniToolStreamEgress/internal/tarantool/client.go:226.37,228.6 1 0
github.com/moroshma/MiniToolStream/MiniToolStreamEgress/internal/tarantool/client.go:233.2,241.17 2 0
github.com/moroshma/MiniToolStream/MiniToolStreamEgress/internal/tarantool/client.go:245.39,246.25 1 0
github.com/moroshma/MiniToolStream/MiniToolStreamEgress/internal/tarantool/client.go:247.14,248.11 1 0
github.com/moroshma/MiniToolStream/MiniToolStreamEgress/internal/tarantool/client.go:249.13,250.19 1 0
github.com/moroshma/MiniToolStream/MiniToolStreamEgress/internal/tarantool/client.go:251.11,252.19 1 0
github.com/moroshma/MiniToolStream/MiniToolStreamEgress/internal/tarantool/client.go:253.12,254.19 1 0
github.com/moroshma/MiniToolStream/MiniToolStreamEgress/internal/tarantool/client.go:255.13,256.19 1 0
github.com/moroshma/MiniToolStream/MiniToolStreamEgress/internal/tarantool/client.go:257.13,258.19 1 0
github.com/moroshma/MiniToolStream/MiniToolStreamEgress/internal/tarantool/client.go:259.12,260.19 1 0
github.com/moroshma/MiniToolStream/MiniToolStreamEgress/internal/tarantool/client.go:261.13,262.19 1 0
github.com/moroshma/MiniToolStream/MiniToolStreamEgress/internal/tarantool/client.go:263.14,264.19 1 0
github.com/moroshma/MiniToolStream/MiniToolStreamEgress/internal/tarantool/client.go:265.14,266.19 1 0
github.com/moroshma/MiniToolStream/MiniToolStreamEgress/internal/tarantool/client.go:267.15,268.19 1 0
github.com/moroshma/MiniToolStream/MiniToolStreamEgress/internal/tarantool/client.go:269.15,270.19 1 0
github.com/moroshma/MiniToolStream/MiniToolStreamEgress/internal/tarantool/client.go:271.10,272.11 1 0
github.com/moroshma/MiniToolStream/MiniToolStreamEgress/internal/tarantool/client.go:277.39,278.31 1 0
github.com/moroshma/MiniToolStream/MiniToolStreamEgress/internal/tarantool/client.go:278.31,280.3 1 0
github.com/moroshma/MiniToolStream/MiniToolStreamEgress/internal/tarantool/client.go:281.2,281.11 1 0
github.com/moroshma/MiniToolStream/MiniToolStreamEgress/internal/usecase/message_usecase.go:27.19,34.2 1 1
github.com/moroshma/MiniToolStream/MiniToolStreamEgress/internal/usecase/message_usecase.go:43.9,46.16 2 1
github.com/moroshma/MiniToolStream/MiniToolStreamEgress/internal/usecase/message_usecase.go:46.16,48.3 1 1
github.com/moroshma/MiniToolStream/MiniToolStreamEgress/internal/usecase/message_usecase.go:51.2,51.59 1 1
github.com/moroshma/MiniToolStream/MiniToolStreamEgress/internal/usecase/message_usecase.go:51.59,53.3 1 1
github.com/moroshma/MiniToolStream/MiniToolStreamEgress/internal/usecase/message_usecase.go:55.2,63.16 3 1
github.com/moroshma/MiniToolStream/MiniToolStreamEgress/internal/usecase/message_usecase.go:63.16,65.3 1 1
github.com/moroshma/MiniToolStream/MiniToolStreamEgress/internal/usecase/message_usecase.go:67.2,67.30 1 1
github.com/moroshma/MiniToolStream/MiniToolStreamEgress/internal/usecase/message_usecase.go:67.30,68.10 1 1
github.com/moroshma/MiniToolStream/MiniToolStreamEgress/internal/usecase/message_usecase.go:72.5,73.28 1 1
github.com/moroshma/MiniToolStream/MiniToolStreamEgress/internal/usecase/message_usecase.go:74.21,75.20 1 0
github.com/moroshma/MiniToolStream/MiniToolStreamEgress/internal/usecase/message_usecase.go:80.2,83.6 3 1
github.com/moroshma/MiniToolStream/MiniToolStreamEgress/internal/usecase/message_usecase.go:83.6,84.10 1 1
github.com/moroshma/MiniToolStream/MiniToolStreamEgress/internal/usecase/message_usecase.go:85.21,87.20 2 1
github.com/moroshma/MiniToolStream/MiniToolStreamEgress/internal/usecase/message_usecase.go:89.19,92.18 2 0
github.com/moroshma/MiniToolStream/MiniToolStreamEgress/internal/usecase/message_usecase.go:92.18,94.13 2 0
github.com/moroshma/MiniToolStream/MiniToolStreamEgress/internal/usecase/message_usecase.go:97.4,97.32 1 0
github.com/moroshma/MiniToolStream/MiniToolStreamEgress/internal/usecase/message_usecase.go:97.32,98.12 1 0
github.com/moroshma/MiniToolStream/MiniToolStreamEgress/internal/usecase/message_usecase.go:102.7,107.30 2 0
github.com/moroshma/MiniToolStream/MiniToolStreamEgress/internal/usecase/message_usecase.go:108.23,109.22 1 0
github.com/moroshma/MiniToolStream/MiniToolStreamEgress/internal/usecase/message_usecase.go:122.30,123.20 1 1
github.com/moroshma/MiniToolStream/MiniToolStreamEgress/internal/usecase/message_usecase.go:123.20,125.3 1 1
github.com/moroshma/MiniToolStream/MiniToolStreamEgress/internal/usecase/message_usecase.go:128.2,129.16 2 1
github.com/moroshma/MiniToolStream/MiniToolStreamEgress/internal/usecase/message_usecase.go:129.16,131.3 1 1
github.com/moroshma/MiniToolStream/MiniToolStreamEgress/internal/usecase/message_usecase.go:133.2,142.16 3 1
github.com/moroshma/MiniToolStream/MiniToolStreamEgress/internal/usecase/message_usecase.go:142.16,144.3 1 1
github.com/moroshma/MiniToolStream/MiniToolStreamEgress/internal/usecase/message_usecase.go:147.2,147.31 1 1
github.com/moroshma/MiniToolStream/MiniToolStreamEgress/internal/usecase/message_usecase.go:147.31,148.27 1 1
github.com/moroshma/MiniToolStream/MiniToolStreamEgress/internal/usecase/message_usecase.go:148.27,150.18 2 1
github.com/moroshma/MiniToolStream/MiniToolStreamEgress/internal/usecase/message_usecase.go:150.18,156.5 2 1
github.com/moroshma/MiniToolStream/MiniToolStreamEgress/internal/usecase/message_usecase.go:156.10,158.5 1 1
github.com/moroshma/MiniToolStream/MiniToolStreamEgress/internal/usecase/message_usecase.go:162.3,163.17 2 1
github.com/moroshma/MiniToolStream/MiniToolStreamEgress/internal/usecase/message_usecase.go:163.17,168.4 1 1
github.com/moroshma/MiniToolStream/MiniToolStreamEgress/internal/usecase/message_usecase.go:171.2,176.22 2 1
github.com/moroshma/MiniToolStream/MiniToolStreamEgress/internal/usecase/message_usecase.go:180.96,182.16 2 1
github.com/moroshma/MiniToolStream/MiniToolStreamEgress/internal/usecase/message_usecase.go:182.16,184.3 1 1
github.com/moroshma/MiniToolStream/MiniToolStreamEgress/internal/usecase/message_usecase.go:186.2,191.23 2 1
github.com/moroshma/MiniToolStream/MiniToolStreamEgress/pkg/logger/logger.go:24.39,27.16 2 1
github.com/moroshma/MiniToolStream/MiniToolStreamEgress/pkg/logger/logger.go:27.16,29.3 1 1
github.com/moroshma/MiniToolStream/MiniToolStreamEgress/pkg/logger/logger.go:32.2,38.29 5 1
github.com/moroshma/MiniToolStream/MiniToolStreamEgress/pkg/logger/logger.go:38.29,40.3 1 1
github.com/moroshma/MiniToolStream/MiniToolStreamEgress/pkg/logger/logger.go:40.8,42.3 1 1
github.com/moroshma/MiniToolStream/MiniToolStreamEgress/pkg/logger/logger.go:45.2,46.24 2 1
github.com/moroshma/MiniToolStream/MiniToolStreamEgress/pkg/logger/logger.go:47.20,48.38 1 1
github.com/moroshma/MiniToolStream/MiniToolStreamEgress/pkg/logger/logger.go:49.16,50.38 1 1
github.com/moroshma/MiniToolStream/MiniToolStreamEgress/pkg/logger/logger.go:51.10,53.17 2 1
github.com/moroshma/MiniToolStream/MiniToolStreamEgress/pkg/logger/logger.go:53.17,55.4 1 1
github.com/moroshma/MiniToolStream/MiniToolStreamEgress/pkg/logger/logger.go:56.3,56.33 1 1
github.com/moroshma/MiniToolStream/MiniToolStreamEgress/pkg/logger/logger.go:60.2,65.32 3 1
github.com/moroshma/MiniToolStream/MiniToolStreamEgress/pkg/logger/logger.go:69.67,71.2 1 1
github.com/moroshma/MiniToolStream/MiniToolStreamEgress/pkg/logger/logger.go:74.68,76.27 2 1
github.com/moroshma/MiniToolStream/MiniToolStreamEgress/pkg/logger/logger.go:76.27,78.3 1 1
github.com/moroshma/MiniToolStream/MiniToolStreamEgress/pkg/logger/logger.go:79.2,79.38 1 1
github.com/moroshma/MiniToolStream/MiniToolStreamEgress/pkg/logger/logger.go:83.40,85.2 1 1
github.com/moroshma/MiniToolStream/MiniToolStreamEgress/pkg/logger/logger.go:87.47,89.2 1 1
github.com/moroshma/MiniToolStream/MiniToolStreamEgress/pkg/logger/logger.go:91.41,93.2 1 1
github.com/moroshma/MiniToolStream/MiniToolStreamEgress/pkg/logger/logger.go:95.43,97.2 1 1
github.com/moroshma/MiniToolStream/MiniToolStreamEgress/pkg/logger/logger.go:99.33,101.2 1 1
